{"C:\\Users\\mridu\\OneDrive\\Desktop\\VSCODE\\New folder (4)\\dream-journal-api\\app.js": {"path":"C:\\Users\\mridu\\OneDrive\\Desktop\\VSCODE\\New folder (4)\\dream-journal-api\\app.js","statementMap":{"0":{"start":{"line":1,"column":0},"end":{"line":1,"column":27}},"1":{"start":{"line":2,"column":16},"end":{"line":2,"column":34}},"2":{"start":{"line":3,"column":13},"end":{"line":3,"column":28}},"3":{"start":{"line":4,"column":21},"end":{"line":4,"column":45}},"4":{"start":{"line":5,"column":21},"end":{"line":5,"column":58}},"5":{"start":{"line":8,"column":19},"end":{"line":8,"column":49}},"6":{"start":{"line":9,"column":20},"end":{"line":9,"column":51}},"7":{"start":{"line":11,"column":12},"end":{"line":11,"column":21}},"8":{"start":{"line":12,"column":0},"end":{"line":12,"column":24}},"9":{"start":{"line":13,"column":0},"end":{"line":13,"column":24}},"10":{"start":{"line":14,"column":0},"end":{"line":14,"column":16}},"11":{"start":{"line":16,"column":0},"end":{"line":16,"column":33}},"12":{"start":{"line":17,"column":0},"end":{"line":17,"column":36}},"13":{"start":{"line":19,"column":16},"end":{"line":19,"column":36}},"14":{"start":{"line":20,"column":0},"end":{"line":20,"column":13}},"15":{"start":{"line":22,"column":0},"end":{"line":22,"column":22}},"16":{"start":{"line":24,"column":0},"end":{"line":24,"column":21}}},"fnMap":{},"branchMap":{},"s":{"0":3,"1":3,"2":3,"3":3,"4":3,"5":3,"6":3,"7":3,"8":3,"9":3,"10":3,"11":3,"12":3,"13":3,"14":3,"15":3,"16":3},"f":{},"b":{},"_coverageSchema":"1a1c01bbd47fc00a2c39e90264f33305004495a9","hash":"e61e2d45b89fef73065b93d1bd2e375343b06974"}
,"C:\\Users\\mridu\\OneDrive\\Desktop\\VSCODE\\New folder (4)\\dream-journal-api\\swagger.js": {"path":"C:\\Users\\mridu\\OneDrive\\Desktop\\VSCODE\\New folder (4)\\dream-journal-api\\swagger.js","statementMap":{"0":{"start":{"line":1,"column":21},"end":{"line":1,"column":45}},"1":{"start":{"line":2,"column":18},"end":{"line":2,"column":47}},"2":{"start":{"line":4,"column":16},"end":{"line":31,"column":1}},"3":{"start":{"line":33,"column":14},"end":{"line":33,"column":35}},"4":{"start":{"line":35,"column":0},"end":{"line":37,"column":2}},"5":{"start":{"line":36,"column":2},"end":{"line":36,"column":64}}},"fnMap":{"0":{"name":"(anonymous_0)","decl":{"start":{"line":35,"column":17},"end":{"line":35,"column":18}},"loc":{"start":{"line":35,"column":26},"end":{"line":37,"column":1}},"line":35}},"branchMap":{},"s":{"0":3,"1":3,"2":3,"3":3,"4":3,"5":3},"f":{"0":3},"b":{},"_coverageSchema":"1a1c01bbd47fc00a2c39e90264f33305004495a9","hash":"ba76860c07c897404af8aa5835aa4682a7b589c3"}
,"C:\\Users\\mridu\\OneDrive\\Desktop\\VSCODE\\New folder (4)\\dream-journal-api\\controllers\\authController.js": {"path":"C:\\Users\\mridu\\OneDrive\\Desktop\\VSCODE\\New folder (4)\\dream-journal-api\\controllers\\authController.js","statementMap":{"0":{"start":{"line":1,"column":13},"end":{"line":1,"column":38}},"1":{"start":{"line":2,"column":12},"end":{"line":2,"column":35}},"2":{"start":{"line":3,"column":21},"end":{"line":3,"column":53}},"3":{"start":{"line":4,"column":22},"end":{"line":4,"column":55}},"4":{"start":{"line":7,"column":22},"end":{"line":11,"column":1}},"5":{"start":{"line":8,"column":2},"end":{"line":10,"column":5}},"6":{"start":{"line":16,"column":0},"end":{"line":47,"column":3}},"7":{"start":{"line":17,"column":40},"end":{"line":17,"column":48}},"8":{"start":{"line":20,"column":23},"end":{"line":20,"column":52}},"9":{"start":{"line":21,"column":2},"end":{"line":23,"column":3}},"10":{"start":{"line":22,"column":4},"end":{"line":22,"column":79}},"11":{"start":{"line":26,"column":15},"end":{"line":30,"column":4}},"12":{"start":{"line":33,"column":16},"end":{"line":33,"column":39}},"13":{"start":{"line":36,"column":2},"end":{"line":36,"column":28}},"14":{"start":{"line":38,"column":2},"end":{"line":46,"column":5}},"15":{"start":{"line":52,"column":0},"end":{"line":89,"column":3}},"16":{"start":{"line":53,"column":30},"end":{"line":53,"column":38}},"17":{"start":{"line":56,"column":2},"end":{"line":58,"column":3}},"18":{"start":{"line":57,"column":4},"end":{"line":57,"column":77}},"19":{"start":{"line":61,"column":15},"end":{"line":61,"column":64}},"20":{"start":{"line":63,"column":2},"end":{"line":65,"column":3}},"21":{"start":{"line":64,"column":4},"end":{"line":64,"column":63}},"22":{"start":{"line":68,"column":18},"end":{"line":68,"column":52}},"23":{"start":{"line":70,"column":2},"end":{"line":72,"column":3}},"24":{"start":{"line":71,"column":4},"end":{"line":71,"column":63}},"25":{"start":{"line":75,"column":16},"end":{"line":75,"column":39}},"26":{"start":{"line":78,"column":2},"end":{"line":78,"column":28}},"27":{"start":{"line":80,"column":2},"end":{"line":88,"column":5}},"28":{"start":{"line":94,"column":0},"end":{"line":105,"column":3}},"29":{"start":{"line":95,"column":15},"end":{"line":95,"column":47}},"30":{"start":{"line":97,"column":2},"end":{"line":104,"column":5}},"31":{"start":{"line":110,"column":0},"end":{"line":120,"column":3}},"32":{"start":{"line":111,"column":2},"end":{"line":114,"column":5}},"33":{"start":{"line":116,"column":2},"end":{"line":119,"column":5}}},"fnMap":{"0":{"name":"(anonymous_0)","decl":{"start":{"line":7,"column":22},"end":{"line":7,"column":23}},"loc":{"start":{"line":7,"column":30},"end":{"line":11,"column":1}},"line":7},"1":{"name":"(anonymous_1)","decl":{"start":{"line":16,"column":32},"end":{"line":16,"column":33}},"loc":{"start":{"line":16,"column":58},"end":{"line":47,"column":1}},"line":16},"2":{"name":"(anonymous_2)","decl":{"start":{"line":52,"column":29},"end":{"line":52,"column":30}},"loc":{"start":{"line":52,"column":55},"end":{"line":89,"column":1}},"line":52},"3":{"name":"(anonymous_3)","decl":{"start":{"line":94,"column":29},"end":{"line":94,"column":30}},"loc":{"start":{"line":94,"column":55},"end":{"line":105,"column":1}},"line":94},"4":{"name":"(anonymous_4)","decl":{"start":{"line":110,"column":30},"end":{"line":110,"column":31}},"loc":{"start":{"line":110,"column":56},"end":{"line":120,"column":1}},"line":110}},"branchMap":{"0":{"loc":{"start":{"line":9,"column":15},"end":{"line":9,"column":46}},"type":"binary-expr","locations":[{"start":{"line":9,"column":15},"end":{"line":9,"column":37}},{"start":{"line":9,"column":41},"end":{"line":9,"column":46}}],"line":9},"1":{"loc":{"start":{"line":21,"column":2},"end":{"line":23,"column":3}},"type":"if","locations":[{"start":{"line":21,"column":2},"end":{"line":23,"column":3}},{"start":{},"end":{}}],"line":21},"2":{"loc":{"start":{"line":56,"column":2},"end":{"line":58,"column":3}},"type":"if","locations":[{"start":{"line":56,"column":2},"end":{"line":58,"column":3}},{"start":{},"end":{}}],"line":56},"3":{"loc":{"start":{"line":56,"column":6},"end":{"line":56,"column":25}},"type":"binary-expr","locations":[{"start":{"line":56,"column":6},"end":{"line":56,"column":12}},{"start":{"line":56,"column":16},"end":{"line":56,"column":25}}],"line":56},"4":{"loc":{"start":{"line":63,"column":2},"end":{"line":65,"column":3}},"type":"if","locations":[{"start":{"line":63,"column":2},"end":{"line":65,"column":3}},{"start":{},"end":{}}],"line":63},"5":{"loc":{"start":{"line":70,"column":2},"end":{"line":72,"column":3}},"type":"if","locations":[{"start":{"line":70,"column":2},"end":{"line":72,"column":3}},{"start":{},"end":{}}],"line":70}},"s":{"0":4,"1":4,"2":4,"3":4,"4":4,"5":3,"6":4,"7":11,"8":11,"9":11,"10":1,"11":10,"12":2,"13":2,"14":2,"15":4,"16":9,"17":9,"18":2,"19":7,"20":6,"21":4,"22":2,"23":2,"24":1,"25":1,"26":1,"27":1,"28":4,"29":0,"30":0,"31":4,"32":1,"33":1},"f":{"0":3,"1":11,"2":9,"3":0,"4":1},"b":{"0":[3,2],"1":[1,10],"2":[2,7],"3":[9,7],"4":[4,2],"5":[1,1]},"_coverageSchema":"1a1c01bbd47fc00a2c39e90264f33305004495a9","hash":"7de32f54c61d23b6dd965a9a4566910079c37923"}
,"C:\\Users\\mridu\\OneDrive\\Desktop\\VSCODE\\New folder (4)\\dream-journal-api\\controllers\\dreamController.js": {"path":"C:\\Users\\mridu\\OneDrive\\Desktop\\VSCODE\\New folder (4)\\dream-journal-api\\controllers\\dreamController.js","statementMap":{"0":{"start":{"line":1,"column":17},"end":{"line":1,"column":36}},"1":{"start":{"line":2,"column":14},"end":{"line":2,"column":40}},"2":{"start":{"line":3,"column":21},"end":{"line":3,"column":53}},"3":{"start":{"line":4,"column":22},"end":{"line":4,"column":55}},"4":{"start":{"line":9,"column":0},"end":{"line":79,"column":3}},"5":{"start":{"line":13,"column":19},"end":{"line":13,"column":35}},"6":{"start":{"line":16,"column":23},"end":{"line":16,"column":58}},"7":{"start":{"line":19,"column":2},"end":{"line":19,"column":56}},"8":{"start":{"line":19,"column":32},"end":{"line":19,"column":54}},"9":{"start":{"line":22,"column":17},"end":{"line":22,"column":41}},"10":{"start":{"line":25,"column":2},"end":{"line":25,"column":79}},"11":{"start":{"line":25,"column":66},"end":{"line":25,"column":77}},"12":{"start":{"line":28,"column":2},"end":{"line":28,"column":72}},"13":{"start":{"line":31,"column":2},"end":{"line":34,"column":3}},"14":{"start":{"line":32,"column":19},"end":{"line":32,"column":56}},"15":{"start":{"line":33,"column":4},"end":{"line":33,"column":33}},"16":{"start":{"line":37,"column":2},"end":{"line":42,"column":3}},"17":{"start":{"line":38,"column":19},"end":{"line":38,"column":54}},"18":{"start":{"line":39,"column":4},"end":{"line":39,"column":31}},"19":{"start":{"line":41,"column":4},"end":{"line":41,"column":32}},"20":{"start":{"line":45,"column":15},"end":{"line":45,"column":48}},"21":{"start":{"line":46,"column":16},"end":{"line":46,"column":51}},"22":{"start":{"line":47,"column":21},"end":{"line":47,"column":39}},"23":{"start":{"line":48,"column":19},"end":{"line":48,"column":31}},"24":{"start":{"line":49,"column":16},"end":{"line":49,"column":93}},"25":{"start":{"line":51,"column":2},"end":{"line":51,"column":46}},"26":{"start":{"line":54,"column":17},"end":{"line":54,"column":28}},"27":{"start":{"line":57,"column":21},"end":{"line":57,"column":23}},"28":{"start":{"line":59,"column":2},"end":{"line":64,"column":3}},"29":{"start":{"line":60,"column":4},"end":{"line":63,"column":6}},"30":{"start":{"line":66,"column":2},"end":{"line":71,"column":3}},"31":{"start":{"line":67,"column":4},"end":{"line":70,"column":6}},"32":{"start":{"line":73,"column":2},"end":{"line":78,"column":5}},"33":{"start":{"line":84,"column":0},"end":{"line":97,"column":3}},"34":{"start":{"line":85,"column":16},"end":{"line":85,"column":80}},"35":{"start":{"line":87,"column":2},"end":{"line":91,"column":3}},"36":{"start":{"line":88,"column":4},"end":{"line":90,"column":6}},"37":{"start":{"line":93,"column":2},"end":{"line":96,"column":5}},"38":{"start":{"line":102,"column":0},"end":{"line":112,"column":3}},"39":{"start":{"line":104,"column":2},"end":{"line":104,"column":30}},"40":{"start":{"line":106,"column":16},"end":{"line":106,"column":44}},"41":{"start":{"line":108,"column":2},"end":{"line":111,"column":5}},"42":{"start":{"line":117,"column":0},"end":{"line":154,"column":3}},"43":{"start":{"line":118,"column":14},"end":{"line":118,"column":49}},"44":{"start":{"line":120,"column":2},"end":{"line":122,"column":3}},"45":{"start":{"line":121,"column":4},"end":{"line":121,"column":84}},"46":{"start":{"line":125,"column":2},"end":{"line":127,"column":3}},"47":{"start":{"line":126,"column":4},"end":{"line":126,"column":79}},"48":{"start":{"line":130,"column":70},"end":{"line":130,"column":78}},"49":{"start":{"line":132,"column":2},"end":{"line":148,"column":4}},"50":{"start":{"line":150,"column":2},"end":{"line":153,"column":5}},"51":{"start":{"line":159,"column":0},"end":{"line":177,"column":3}},"52":{"start":{"line":160,"column":16},"end":{"line":160,"column":51}},"53":{"start":{"line":162,"column":2},"end":{"line":164,"column":3}},"54":{"start":{"line":163,"column":4},"end":{"line":163,"column":84}},"55":{"start":{"line":167,"column":2},"end":{"line":169,"column":3}},"56":{"start":{"line":168,"column":4},"end":{"line":168,"column":79}},"57":{"start":{"line":171,"column":2},"end":{"line":171,"column":26}},"58":{"start":{"line":173,"column":2},"end":{"line":176,"column":5}},"59":{"start":{"line":182,"column":0},"end":{"line":241,"column":3}},"60":{"start":{"line":183,"column":16},"end":{"line":207,"column":4}},"61":{"start":{"line":209,"column":23},"end":{"line":228,"column":4}},"62":{"start":{"line":230,"column":28},"end":{"line":230,"column":80}},"63":{"start":{"line":232,"column":17},"end":{"line":235,"column":3}},"64":{"start":{"line":237,"column":2},"end":{"line":240,"column":5}}},"fnMap":{"0":{"name":"(anonymous_0)","decl":{"start":{"line":9,"column":33},"end":{"line":9,"column":34}},"loc":{"start":{"line":9,"column":59},"end":{"line":79,"column":1}},"line":9},"1":{"name":"(anonymous_1)","decl":{"start":{"line":19,"column":23},"end":{"line":19,"column":24}},"loc":{"start":{"line":19,"column":32},"end":{"line":19,"column":54}},"line":19},"2":{"name":"(anonymous_2)","decl":{"start":{"line":25,"column":57},"end":{"line":25,"column":58}},"loc":{"start":{"line":25,"column":66},"end":{"line":25,"column":77}},"line":25},"3":{"name":"(anonymous_3)","decl":{"start":{"line":84,"column":32},"end":{"line":84,"column":33}},"loc":{"start":{"line":84,"column":58},"end":{"line":97,"column":1}},"line":84},"4":{"name":"(anonymous_4)","decl":{"start":{"line":102,"column":35},"end":{"line":102,"column":36}},"loc":{"start":{"line":102,"column":61},"end":{"line":112,"column":1}},"line":102},"5":{"name":"(anonymous_5)","decl":{"start":{"line":117,"column":35},"end":{"line":117,"column":36}},"loc":{"start":{"line":117,"column":61},"end":{"line":154,"column":1}},"line":117},"6":{"name":"(anonymous_6)","decl":{"start":{"line":159,"column":35},"end":{"line":159,"column":36}},"loc":{"start":{"line":159,"column":61},"end":{"line":177,"column":1}},"line":159},"7":{"name":"(anonymous_7)","decl":{"start":{"line":182,"column":37},"end":{"line":182,"column":38}},"loc":{"start":{"line":182,"column":63},"end":{"line":241,"column":1}},"line":182}},"branchMap":{"0":{"loc":{"start":{"line":31,"column":2},"end":{"line":34,"column":3}},"type":"if","locations":[{"start":{"line":31,"column":2},"end":{"line":34,"column":3}},{"start":{},"end":{}}],"line":31},"1":{"loc":{"start":{"line":37,"column":2},"end":{"line":42,"column":3}},"type":"if","locations":[{"start":{"line":37,"column":2},"end":{"line":42,"column":3}},{"start":{"line":40,"column":9},"end":{"line":42,"column":3}}],"line":37},"2":{"loc":{"start":{"line":45,"column":15},"end":{"line":45,"column":48}},"type":"binary-expr","locations":[{"start":{"line":45,"column":15},"end":{"line":45,"column":43}},{"start":{"line":45,"column":47},"end":{"line":45,"column":48}}],"line":45},"3":{"loc":{"start":{"line":46,"column":16},"end":{"line":46,"column":51}},"type":"binary-expr","locations":[{"start":{"line":46,"column":16},"end":{"line":46,"column":45}},{"start":{"line":46,"column":49},"end":{"line":46,"column":51}}],"line":46},"4":{"loc":{"start":{"line":59,"column":2},"end":{"line":64,"column":3}},"type":"if","locations":[{"start":{"line":59,"column":2},"end":{"line":64,"column":3}},{"start":{},"end":{}}],"line":59},"5":{"loc":{"start":{"line":66,"column":2},"end":{"line":71,"column":3}},"type":"if","locations":[{"start":{"line":66,"column":2},"end":{"line":71,"column":3}},{"start":{},"end":{}}],"line":66},"6":{"loc":{"start":{"line":87,"column":2},"end":{"line":91,"column":3}},"type":"if","locations":[{"start":{"line":87,"column":2},"end":{"line":91,"column":3}},{"start":{},"end":{}}],"line":87},"7":{"loc":{"start":{"line":120,"column":2},"end":{"line":122,"column":3}},"type":"if","locations":[{"start":{"line":120,"column":2},"end":{"line":122,"column":3}},{"start":{},"end":{}}],"line":120},"8":{"loc":{"start":{"line":125,"column":2},"end":{"line":127,"column":3}},"type":"if","locations":[{"start":{"line":125,"column":2},"end":{"line":127,"column":3}},{"start":{},"end":{}}],"line":125},"9":{"loc":{"start":{"line":162,"column":2},"end":{"line":164,"column":3}},"type":"if","locations":[{"start":{"line":162,"column":2},"end":{"line":164,"column":3}},{"start":{},"end":{}}],"line":162},"10":{"loc":{"start":{"line":167,"column":2},"end":{"line":169,"column":3}},"type":"if","locations":[{"start":{"line":167,"column":2},"end":{"line":169,"column":3}},{"start":{},"end":{}}],"line":167},"11":{"loc":{"start":{"line":230,"column":28},"end":{"line":230,"column":80}},"type":"cond-expr","locations":[{"start":{"line":230,"column":54},"end":{"line":230,"column":73}},{"start":{"line":230,"column":76},"end":{"line":230,"column":80}}],"line":230},"12":{"loc":{"start":{"line":233,"column":8},"end":{"line":233,"column":90}},"type":"cond-expr","locations":[{"start":{"line":233,"column":27},"end":{"line":233,"column":35}},{"start":{"line":233,"column":38},"end":{"line":233,"column":90}}],"line":233}},"s":{"0":4,"1":4,"2":4,"3":4,"4":4,"5":1,"6":1,"7":1,"8":4,"9":1,"10":1,"11":0,"12":1,"13":1,"14":0,"15":0,"16":1,"17":0,"18":0,"19":1,"20":1,"21":1,"22":1,"23":1,"24":1,"25":1,"26":1,"27":1,"28":1,"29":0,"30":1,"31":0,"32":1,"33":4,"34":2,"35":2,"36":1,"37":1,"38":4,"39":1,"40":1,"41":1,"42":4,"43":2,"44":2,"45":0,"46":2,"47":1,"48":1,"49":1,"50":1,"51":4,"52":3,"53":3,"54":1,"55":2,"56":1,"57":1,"58":1,"59":4,"60":0,"61":0,"62":0,"63":0,"64":0},"f":{"0":1,"1":4,"2":0,"3":2,"4":1,"5":2,"6":3,"7":0},"b":{"0":[0,1],"1":[0,1],"2":[1,1],"3":[1,1],"4":[0,1],"5":[0,1],"6":[1,1],"7":[0,2],"8":[1,1],"9":[1,2],"10":[1,1],"11":[0,0],"12":[0,0]},"_coverageSchema":"1a1c01bbd47fc00a2c39e90264f33305004495a9","hash":"05b3310505c05485639a559cb57136f887a4c370"}
,"C:\\Users\\mridu\\OneDrive\\Desktop\\VSCODE\\New folder (4)\\dream-journal-api\\middlewares\\auth.js": {"path":"C:\\Users\\mridu\\OneDrive\\Desktop\\VSCODE\\New folder (4)\\dream-journal-api\\middlewares\\auth.js","statementMap":{"0":{"start":{"line":1,"column":12},"end":{"line":1,"column":35}},"1":{"start":{"line":2,"column":22},"end":{"line":2,"column":55}},"2":{"start":{"line":3,"column":13},"end":{"line":3,"column":38}},"3":{"start":{"line":6,"column":0},"end":{"line":32,"column":2}},"4":{"start":{"line":9,"column":2},"end":{"line":16,"column":3}},"5":{"start":{"line":13,"column":4},"end":{"line":13,"column":52}},"6":{"start":{"line":14,"column":9},"end":{"line":16,"column":3}},"7":{"start":{"line":15,"column":4},"end":{"line":15,"column":30}},"8":{"start":{"line":19,"column":2},"end":{"line":21,"column":3}},"9":{"start":{"line":20,"column":4},"end":{"line":20,"column":79}},"10":{"start":{"line":23,"column":2},"end":{"line":31,"column":3}},"11":{"start":{"line":25,"column":20},"end":{"line":25,"column":61}},"12":{"start":{"line":27,"column":4},"end":{"line":27,"column":47}},"13":{"start":{"line":28,"column":4},"end":{"line":28,"column":11}},"14":{"start":{"line":30,"column":4},"end":{"line":30,"column":79}},"15":{"start":{"line":35,"column":0},"end":{"line":47,"column":2}},"16":{"start":{"line":36,"column":2},"end":{"line":46,"column":4}},"17":{"start":{"line":37,"column":4},"end":{"line":44,"column":5}},"18":{"start":{"line":38,"column":6},"end":{"line":43,"column":8}},"19":{"start":{"line":45,"column":4},"end":{"line":45,"column":11}}},"fnMap":{"0":{"name":"(anonymous_0)","decl":{"start":{"line":6,"column":18},"end":{"line":6,"column":19}},"loc":{"start":{"line":6,"column":44},"end":{"line":32,"column":1}},"line":6},"1":{"name":"(anonymous_1)","decl":{"start":{"line":35,"column":20},"end":{"line":35,"column":21}},"loc":{"start":{"line":35,"column":34},"end":{"line":47,"column":1}},"line":35},"2":{"name":"(anonymous_2)","decl":{"start":{"line":36,"column":9},"end":{"line":36,"column":10}},"loc":{"start":{"line":36,"column":29},"end":{"line":46,"column":3}},"line":36}},"branchMap":{"0":{"loc":{"start":{"line":9,"column":2},"end":{"line":16,"column":3}},"type":"if","locations":[{"start":{"line":9,"column":2},"end":{"line":16,"column":3}},{"start":{"line":14,"column":9},"end":{"line":16,"column":3}}],"line":9},"1":{"loc":{"start":{"line":10,"column":4},"end":{"line":11,"column":50}},"type":"binary-expr","locations":[{"start":{"line":10,"column":4},"end":{"line":10,"column":29}},{"start":{"line":11,"column":4},"end":{"line":11,"column":50}}],"line":10},"2":{"loc":{"start":{"line":14,"column":9},"end":{"line":16,"column":3}},"type":"if","locations":[{"start":{"line":14,"column":9},"end":{"line":16,"column":3}},{"start":{},"end":{}}],"line":14},"3":{"loc":{"start":{"line":19,"column":2},"end":{"line":21,"column":3}},"type":"if","locations":[{"start":{"line":19,"column":2},"end":{"line":21,"column":3}},{"start":{},"end":{}}],"line":19},"4":{"loc":{"start":{"line":37,"column":4},"end":{"line":44,"column":5}},"type":"if","locations":[{"start":{"line":37,"column":4},"end":{"line":44,"column":5}},{"start":{},"end":{}}],"line":37}},"s":{"0":4,"1":4,"2":4,"3":4,"4":8,"5":5,"6":3,"7":1,"8":8,"9":2,"10":6,"11":6,"12":2,"13":2,"14":4,"15":4,"16":2,"17":2,"18":1,"19":1},"f":{"0":8,"1":2,"2":2},"b":{"0":[5,3],"1":[8,5],"2":[1,2],"3":[2,6],"4":[1,1]},"_coverageSchema":"1a1c01bbd47fc00a2c39e90264f33305004495a9","hash":"d58108419a06bab237202bbd877b7ea835233f24"}
,"C:\\Users\\mridu\\OneDrive\\Desktop\\VSCODE\\New folder (4)\\dream-journal-api\\middlewares\\errorHandler.js": {"path":"C:\\Users\\mridu\\OneDrive\\Desktop\\VSCODE\\New folder (4)\\dream-journal-api\\middlewares\\errorHandler.js","statementMap":{"0":{"start":{"line":1,"column":22},"end":{"line":1,"column":55}},"1":{"start":{"line":3,"column":21},"end":{"line":33,"column":1}},"2":{"start":{"line":4,"column":14},"end":{"line":4,"column":24}},"3":{"start":{"line":6,"column":2},"end":{"line":6,"column":30}},"4":{"start":{"line":9,"column":2},"end":{"line":9,"column":25}},"5":{"start":{"line":12,"column":2},"end":{"line":15,"column":3}},"6":{"start":{"line":13,"column":20},"end":{"line":13,"column":64}},"7":{"start":{"line":14,"column":4},"end":{"line":14,"column":44}},"8":{"start":{"line":18,"column":2},"end":{"line":21,"column":3}},"9":{"start":{"line":19,"column":20},"end":{"line":19,"column":51}},"10":{"start":{"line":20,"column":4},"end":{"line":20,"column":44}},"11":{"start":{"line":24,"column":2},"end":{"line":27,"column":3}},"12":{"start":{"line":25,"column":20},"end":{"line":25,"column":69}},"13":{"start":{"line":25,"column":57},"end":{"line":25,"column":68}},"14":{"start":{"line":26,"column":4},"end":{"line":26,"column":44}},"15":{"start":{"line":29,"column":2},"end":{"line":32,"column":5}},"16":{"start":{"line":35,"column":0},"end":{"line":35,"column":30}}},"fnMap":{"0":{"name":"(anonymous_0)","decl":{"start":{"line":3,"column":21},"end":{"line":3,"column":22}},"loc":{"start":{"line":3,"column":46},"end":{"line":33,"column":1}},"line":3},"1":{"name":"(anonymous_1)","decl":{"start":{"line":25,"column":50},"end":{"line":25,"column":51}},"loc":{"start":{"line":25,"column":57},"end":{"line":25,"column":68}},"line":25}},"branchMap":{"0":{"loc":{"start":{"line":12,"column":2},"end":{"line":15,"column":3}},"type":"if","locations":[{"start":{"line":12,"column":2},"end":{"line":15,"column":3}},{"start":{},"end":{}}],"line":12},"1":{"loc":{"start":{"line":18,"column":2},"end":{"line":21,"column":3}},"type":"if","locations":[{"start":{"line":18,"column":2},"end":{"line":21,"column":3}},{"start":{},"end":{}}],"line":18},"2":{"loc":{"start":{"line":24,"column":2},"end":{"line":27,"column":3}},"type":"if","locations":[{"start":{"line":24,"column":2},"end":{"line":27,"column":3}},{"start":{},"end":{}}],"line":24},"3":{"loc":{"start":{"line":29,"column":13},"end":{"line":29,"column":36}},"type":"binary-expr","locations":[{"start":{"line":29,"column":13},"end":{"line":29,"column":29}},{"start":{"line":29,"column":33},"end":{"line":29,"column":36}}],"line":29},"4":{"loc":{"start":{"line":31,"column":11},"end":{"line":31,"column":42}},"type":"binary-expr","locations":[{"start":{"line":31,"column":11},"end":{"line":31,"column":24}},{"start":{"line":31,"column":28},"end":{"line":31,"column":42}}],"line":31}},"s":{"0":4,"1":4,"2":21,"3":21,"4":21,"5":21,"6":1,"7":1,"8":21,"9":1,"10":1,"11":21,"12":9,"13":10,"14":9,"15":21,"16":4},"f":{"0":21,"1":10},"b":{"0":[1,20],"1":[1,20],"2":[9,12],"3":[21,1],"4":[21,0]},"_coverageSchema":"1a1c01bbd47fc00a2c39e90264f33305004495a9","hash":"ecf925cf4418b76afa715269060b3a5f39671766"}
,"C:\\Users\\mridu\\OneDrive\\Desktop\\VSCODE\\New folder (4)\\dream-journal-api\\models\\Dream.js": {"path":"C:\\Users\\mridu\\OneDrive\\Desktop\\VSCODE\\New folder (4)\\dream-journal-api\\models\\Dream.js","statementMap":{"0":{"start":{"line":1,"column":17},"end":{"line":1,"column":36}},"1":{"start":{"line":3,"column":20},"end":{"line":55,"column":2}},"2":{"start":{"line":57,"column":0},"end":{"line":57,"column":54}}},"fnMap":{},"branchMap":{},"s":{"0":4,"1":4,"2":4},"f":{},"b":{},"_coverageSchema":"1a1c01bbd47fc00a2c39e90264f33305004495a9","hash":"a59aec6b51f95f1ac49a6d8ea8f9e1ed3dce9953"}
,"C:\\Users\\mridu\\OneDrive\\Desktop\\VSCODE\\New folder (4)\\dream-journal-api\\models\\User.js": {"path":"C:\\Users\\mridu\\OneDrive\\Desktop\\VSCODE\\New folder (4)\\dream-journal-api\\models\\User.js","statementMap":{"0":{"start":{"line":1,"column":17},"end":{"line":1,"column":36}},"1":{"start":{"line":2,"column":15},"end":{"line":2,"column":34}},"2":{"start":{"line":3,"column":12},"end":{"line":3,"column":35}},"3":{"start":{"line":5,"column":19},"end":{"line":32,"column":2}},"4":{"start":{"line":35,"column":0},"end":{"line":41,"column":3}},"5":{"start":{"line":36,"column":2},"end":{"line":38,"column":3}},"6":{"start":{"line":37,"column":4},"end":{"line":37,"column":11}},"7":{"start":{"line":39,"column":15},"end":{"line":39,"column":39}},"8":{"start":{"line":40,"column":2},"end":{"line":40,"column":57}},"9":{"start":{"line":44,"column":0},"end":{"line":46,"column":2}},"10":{"start":{"line":45,"column":2},"end":{"line":45,"column":62}},"11":{"start":{"line":49,"column":0},"end":{"line":53,"column":2}},"12":{"start":{"line":50,"column":2},"end":{"line":52,"column":5}},"13":{"start":{"line":55,"column":0},"end":{"line":55,"column":52}}},"fnMap":{"0":{"name":"(anonymous_0)","decl":{"start":{"line":35,"column":23},"end":{"line":35,"column":24}},"loc":{"start":{"line":35,"column":44},"end":{"line":41,"column":1}},"line":35},"1":{"name":"(anonymous_1)","decl":{"start":{"line":44,"column":35},"end":{"line":44,"column":36}},"loc":{"start":{"line":44,"column":67},"end":{"line":46,"column":1}},"line":44},"2":{"name":"(anonymous_2)","decl":{"start":{"line":49,"column":39},"end":{"line":49,"column":40}},"loc":{"start":{"line":49,"column":50},"end":{"line":53,"column":1}},"line":49}},"branchMap":{"0":{"loc":{"start":{"line":36,"column":2},"end":{"line":38,"column":3}},"type":"if","locations":[{"start":{"line":36,"column":2},"end":{"line":38,"column":3}},{"start":{},"end":{}}],"line":36}},"s":{"0":5,"1":5,"2":5,"3":5,"4":5,"5":2,"6":0,"7":2,"8":2,"9":5,"10":0,"11":5,"12":0,"13":5},"f":{"0":2,"1":0,"2":0},"b":{"0":[0,2]},"_coverageSchema":"1a1c01bbd47fc00a2c39e90264f33305004495a9","hash":"cc64cc83ffc5ffdedb6dba7bec7d370060327bc1"}
,"C:\\Users\\mridu\\OneDrive\\Desktop\\VSCODE\\New folder (4)\\dream-journal-api\\routes\\authRoutes.js": {"path":"C:\\Users\\mridu\\OneDrive\\Desktop\\VSCODE\\New folder (4)\\dream-journal-api\\routes\\authRoutes.js","statementMap":{"0":{"start":{"line":1,"column":16},"end":{"line":1,"column":34}},"1":{"start":{"line":7,"column":4},"end":{"line":7,"column":44}},"2":{"start":{"line":8,"column":20},"end":{"line":8,"column":50}},"3":{"start":{"line":10,"column":15},"end":{"line":10,"column":31}},"4":{"start":{"line":12,"column":0},"end":{"line":12,"column":35}},"5":{"start":{"line":13,"column":0},"end":{"line":13,"column":29}},"6":{"start":{"line":14,"column":0},"end":{"line":14,"column":34}},"7":{"start":{"line":15,"column":0},"end":{"line":15,"column":39}},"8":{"start":{"line":17,"column":0},"end":{"line":17,"column":24}}},"fnMap":{},"branchMap":{},"s":{"0":3,"1":3,"2":3,"3":3,"4":3,"5":3,"6":3,"7":3,"8":3},"f":{},"b":{},"_coverageSchema":"1a1c01bbd47fc00a2c39e90264f33305004495a9","hash":"a9711d678f60d4f81e3b6f657b9c76b4c00bf743"}
,"C:\\Users\\mridu\\OneDrive\\Desktop\\VSCODE\\New folder (4)\\dream-journal-api\\routes\\dreamRoutes.js": {"path":"C:\\Users\\mridu\\OneDrive\\Desktop\\VSCODE\\New folder (4)\\dream-journal-api\\routes\\dreamRoutes.js","statementMap":{"0":{"start":{"line":1,"column":16},"end":{"line":1,"column":34}},"1":{"start":{"line":9,"column":4},"end":{"line":9,"column":45}},"2":{"start":{"line":10,"column":20},"end":{"line":10,"column":50}},"3":{"start":{"line":12,"column":15},"end":{"line":12,"column":31}},"4":{"start":{"line":14,"column":0},"end":{"line":16,"column":30}},"5":{"start":{"line":18,"column":0},"end":{"line":19,"column":31}},"6":{"start":{"line":21,"column":0},"end":{"line":24,"column":32}},"7":{"start":{"line":26,"column":0},"end":{"line":26,"column":24}}},"fnMap":{},"branchMap":{},"s":{"0":3,"1":3,"2":3,"3":3,"4":3,"5":3,"6":3,"7":3},"f":{},"b":{},"_coverageSchema":"1a1c01bbd47fc00a2c39e90264f33305004495a9","hash":"d602dc23b16ea8b94c90e670ee64ca70cffc92d9"}
,"C:\\Users\\mridu\\OneDrive\\Desktop\\VSCODE\\New folder (4)\\dream-journal-api\\utils\\asyncHandler.js": {"path":"C:\\Users\\mridu\\OneDrive\\Desktop\\VSCODE\\New folder (4)\\dream-journal-api\\utils\\asyncHandler.js","statementMap":{"0":{"start":{"line":1,"column":21},"end":{"line":4,"column":18}},"1":{"start":{"line":1,"column":27},"end":{"line":4,"column":18}},"2":{"start":{"line":2,"column":4},"end":{"line":4,"column":18}},"3":{"start":{"line":6,"column":2},"end":{"line":6,"column":32}}},"fnMap":{"0":{"name":"(anonymous_0)","decl":{"start":{"line":1,"column":21},"end":{"line":1,"column":22}},"loc":{"start":{"line":1,"column":27},"end":{"line":4,"column":18}},"line":1},"1":{"name":"(anonymous_1)","decl":{"start":{"line":1,"column":27},"end":{"line":1,"column":28}},"loc":{"start":{"line":2,"column":4},"end":{"line":4,"column":18}},"line":2}},"branchMap":{},"s":{"0":5,"1":40,"2":30,"3":5},"f":{"0":40,"1":30},"b":{},"_coverageSchema":"1a1c01bbd47fc00a2c39e90264f33305004495a9","hash":"aca0dbc88d0ade60571685def03f59bc2ac26469"}
,"C:\\Users\\mridu\\OneDrive\\Desktop\\VSCODE\\New folder (4)\\dream-journal-api\\utils\\errorResponse.js": {"path":"C:\\Users\\mridu\\OneDrive\\Desktop\\VSCODE\\New folder (4)\\dream-journal-api\\utils\\errorResponse.js","statementMap":{"0":{"start":{"line":3,"column":6},"end":{"line":3,"column":21}},"1":{"start":{"line":4,"column":6},"end":{"line":4,"column":35}},"2":{"start":{"line":8,"column":2},"end":{"line":8,"column":33}}},"fnMap":{"0":{"name":"(anonymous_0)","decl":{"start":{"line":2,"column":4},"end":{"line":2,"column":5}},"loc":{"start":{"line":2,"column":37},"end":{"line":5,"column":5}},"line":2}},"branchMap":{},"s":{"0":30,"1":30,"2":6},"f":{"0":30},"b":{},"_coverageSchema":"1a1c01bbd47fc00a2c39e90264f33305004495a9","hash":"25cd66c628fca06706057dd869f442780f8f4ca5"}
}
