TN:
SF:app.js
FNF:0
FNH:0
DA:1,3
DA:2,3
DA:3,3
DA:4,3
DA:5,3
DA:8,3
DA:9,3
DA:11,3
DA:12,3
DA:13,3
DA:14,3
DA:16,3
DA:17,3
DA:19,3
DA:20,3
DA:22,3
DA:24,3
LF:17
LH:17
BRF:0
BRH:0
end_of_record
TN:
SF:swagger.js
FN:35,(anonymous_0)
FNF:1
FNH:1
FNDA:3,(anonymous_0)
DA:1,3
DA:2,3
DA:4,3
DA:33,3
DA:35,3
DA:36,3
LF:6
LH:6
BRF:0
BRH:0
end_of_record
TN:
SF:controllers\authController.js
FN:7,(anonymous_0)
FN:16,(anonymous_1)
FN:52,(anonymous_2)
FN:94,(anonymous_3)
FN:110,(anonymous_4)
FNF:5
FNH:4
FNDA:3,(anonymous_0)
FNDA:11,(anonymous_1)
FNDA:9,(anonymous_2)
FNDA:0,(anonymous_3)
FNDA:1,(anonymous_4)
DA:1,4
DA:2,4
DA:3,4
DA:4,4
DA:7,4
DA:8,3
DA:16,4
DA:17,11
DA:20,11
DA:21,11
DA:22,1
DA:26,10
DA:33,2
DA:36,2
DA:38,2
DA:52,4
DA:53,9
DA:56,9
DA:57,2
DA:61,7
DA:63,6
DA:64,4
DA:68,2
DA:70,2
DA:71,1
DA:75,1
DA:78,1
DA:80,1
DA:94,4
DA:95,0
DA:97,0
DA:110,4
DA:111,1
DA:116,1
LF:34
LH:32
BRDA:9,0,0,3
BRDA:9,0,1,2
BRDA:21,1,0,1
BRDA:21,1,1,10
BRDA:56,2,0,2
BRDA:56,2,1,7
BRDA:56,3,0,9
BRDA:56,3,1,7
BRDA:63,4,0,4
BRDA:63,4,1,2
BRDA:70,5,0,1
BRDA:70,5,1,1
BRF:12
BRH:12
end_of_record
TN:
SF:controllers\dreamController.js
FN:9,(anonymous_0)
FN:19,(anonymous_1)
FN:25,(anonymous_2)
FN:84,(anonymous_3)
FN:102,(anonymous_4)
FN:117,(anonymous_5)
FN:159,(anonymous_6)
FN:182,(anonymous_7)
FNF:8
FNH:6
FNDA:1,(anonymous_0)
FNDA:4,(anonymous_1)
FNDA:0,(anonymous_2)
FNDA:2,(anonymous_3)
FNDA:1,(anonymous_4)
FNDA:2,(anonymous_5)
FNDA:3,(anonymous_6)
FNDA:0,(anonymous_7)
DA:1,4
DA:2,4
DA:3,4
DA:4,4
DA:9,4
DA:13,1
DA:16,1
DA:19,4
DA:22,1
DA:25,1
DA:28,1
DA:31,1
DA:32,0
DA:33,0
DA:37,1
DA:38,0
DA:39,0
DA:41,1
DA:45,1
DA:46,1
DA:47,1
DA:48,1
DA:49,1
DA:51,1
DA:54,1
DA:57,1
DA:59,1
DA:60,0
DA:66,1
DA:67,0
DA:73,1
DA:84,4
DA:85,2
DA:87,2
DA:88,1
DA:93,1
DA:102,4
DA:104,1
DA:106,1
DA:108,1
DA:117,4
DA:118,2
DA:120,2
DA:121,0
DA:125,2
DA:126,1
DA:130,1
DA:132,1
DA:150,1
DA:159,4
DA:160,3
DA:162,3
DA:163,1
DA:167,2
DA:168,1
DA:171,1
DA:173,1
DA:182,4
DA:183,0
DA:209,0
DA:230,0
DA:232,0
DA:237,0
LF:63
LH:51
BRDA:31,0,0,0
BRDA:31,0,1,1
BRDA:37,1,0,0
BRDA:37,1,1,1
BRDA:45,2,0,1
BRDA:45,2,1,1
BRDA:46,3,0,1
BRDA:46,3,1,1
BRDA:59,4,0,0
BRDA:59,4,1,1
BRDA:66,5,0,0
BRDA:66,5,1,1
BRDA:87,6,0,1
BRDA:87,6,1,1
BRDA:120,7,0,0
BRDA:120,7,1,2
BRDA:125,8,0,1
BRDA:125,8,1,1
BRDA:162,9,0,1
BRDA:162,9,1,2
BRDA:167,10,0,1
BRDA:167,10,1,1
BRDA:230,11,0,0
BRDA:230,11,1,0
BRDA:233,12,0,0
BRDA:233,12,1,0
BRF:26
BRH:17
end_of_record
TN:
SF:middlewares\auth.js
FN:6,(anonymous_0)
FN:35,(anonymous_1)
FN:36,(anonymous_2)
FNF:3
FNH:3
FNDA:8,(anonymous_0)
FNDA:2,(anonymous_1)
FNDA:2,(anonymous_2)
DA:1,4
DA:2,4
DA:3,4
DA:6,4
DA:9,8
DA:13,5
DA:14,3
DA:15,1
DA:19,8
DA:20,2
DA:23,6
DA:25,6
DA:27,2
DA:28,2
DA:30,4
DA:35,4
DA:36,2
DA:37,2
DA:38,1
DA:45,1
LF:20
LH:20
BRDA:9,0,0,5
BRDA:9,0,1,3
BRDA:10,1,0,8
BRDA:10,1,1,5
BRDA:14,2,0,1
BRDA:14,2,1,2
BRDA:19,3,0,2
BRDA:19,3,1,6
BRDA:37,4,0,1
BRDA:37,4,1,1
BRF:10
BRH:10
end_of_record
TN:
SF:middlewares\errorHandler.js
FN:3,(anonymous_0)
FN:25,(anonymous_1)
FNF:2
FNH:2
FNDA:21,(anonymous_0)
FNDA:10,(anonymous_1)
DA:1,4
DA:3,4
DA:4,21
DA:6,21
DA:9,21
DA:12,21
DA:13,1
DA:14,1
DA:18,21
DA:19,1
DA:20,1
DA:24,21
DA:25,10
DA:26,9
DA:29,21
DA:35,4
LF:16
LH:16
BRDA:12,0,0,1
BRDA:12,0,1,20
BRDA:18,1,0,1
BRDA:18,1,1,20
BRDA:24,2,0,9
BRDA:24,2,1,12
BRDA:29,3,0,21
BRDA:29,3,1,1
BRDA:31,4,0,21
BRDA:31,4,1,0
BRF:10
BRH:9
end_of_record
TN:
SF:models\Dream.js
FNF:0
FNH:0
DA:1,4
DA:3,4
DA:57,4
LF:3
LH:3
BRF:0
BRH:0
end_of_record
TN:
SF:models\User.js
FN:35,(anonymous_0)
FN:44,(anonymous_1)
FN:49,(anonymous_2)
FNF:3
FNH:1
FNDA:2,(anonymous_0)
FNDA:0,(anonymous_1)
FNDA:0,(anonymous_2)
DA:1,5
DA:2,5
DA:3,5
DA:5,5
DA:35,5
DA:36,2
DA:37,0
DA:39,2
DA:40,2
DA:44,5
DA:45,0
DA:49,5
DA:50,0
DA:55,5
LF:14
LH:11
BRDA:36,0,0,0
BRDA:36,0,1,2
BRF:2
BRH:1
end_of_record
TN:
SF:routes\authRoutes.js
FNF:0
FNH:0
DA:1,3
DA:7,3
DA:8,3
DA:10,3
DA:12,3
DA:13,3
DA:14,3
DA:15,3
DA:17,3
LF:9
LH:9
BRF:0
BRH:0
end_of_record
TN:
SF:routes\dreamRoutes.js
FNF:0
FNH:0
DA:1,3
DA:9,3
DA:10,3
DA:12,3
DA:14,3
DA:18,3
DA:21,3
DA:26,3
LF:8
LH:8
BRF:0
BRH:0
end_of_record
TN:
SF:utils\asyncHandler.js
FN:1,(anonymous_0)
FN:1,(anonymous_1)
FNF:2
FNH:2
FNDA:40,(anonymous_0)
FNDA:30,(anonymous_1)
DA:1,40
DA:2,30
DA:6,5
LF:3
LH:3
BRF:0
BRH:0
end_of_record
TN:
SF:utils\errorResponse.js
FN:2,(anonymous_0)
FNF:1
FNH:1
FNDA:30,(anonymous_0)
DA:3,30
DA:4,30
DA:8,6
LF:3
LH:3
BRF:0
BRH:0
end_of_record
